2019-03-07 07:05:03,733 INFO o.a.j.u.JMeterUtils: Setting Locale to en_EN
2019-03-07 07:05:03,774 INFO o.a.j.JMeter: Loading user properties from: D:\dev\programs\apache-jmeter-5.1\bin\user.properties
2019-03-07 07:05:03,775 INFO o.a.j.JMeter: Loading system properties from: D:\dev\programs\apache-jmeter-5.1\bin\system.properties
2019-03-07 07:05:03,783 INFO o.a.j.JMeter: Copyright (c) 1998-2019 The Apache Software Foundation
2019-03-07 07:05:03,783 INFO o.a.j.JMeter: Version 5.1 r1853635
2019-03-07 07:05:03,783 INFO o.a.j.JMeter: java.version=1.8.0_201
2019-03-07 07:05:03,783 INFO o.a.j.JMeter: java.vm.name=Java HotSpot(TM) 64-Bit Server VM
2019-03-07 07:05:03,783 INFO o.a.j.JMeter: os.name=Windows 10
2019-03-07 07:05:03,783 INFO o.a.j.JMeter: os.arch=amd64
2019-03-07 07:05:03,783 INFO o.a.j.JMeter: os.version=10.0
2019-03-07 07:05:03,783 INFO o.a.j.JMeter: file.encoding=Cp1252
2019-03-07 07:05:03,784 INFO o.a.j.JMeter: java.awt.headless=null
2019-03-07 07:05:03,784 INFO o.a.j.JMeter: Max memory     =1073741824
2019-03-07 07:05:03,784 INFO o.a.j.JMeter: Available Processors =4
2019-03-07 07:05:03,794 INFO o.a.j.JMeter: Default Locale=English (EN)
2019-03-07 07:05:03,794 INFO o.a.j.JMeter: JMeter  Locale=English (EN)
2019-03-07 07:05:03,794 INFO o.a.j.JMeter: JMeterHome=D:\dev\programs\apache-jmeter-5.1
2019-03-07 07:05:03,795 INFO o.a.j.JMeter: user.dir  =D:\dev\projects\ceiba-estacionamiento\workspace\ceiba-estacionamiento
2019-03-07 07:05:03,795 INFO o.a.j.JMeter: PWD       =D:\dev\projects\ceiba-estacionamiento\workspace\ceiba-estacionamiento
2019-03-07 07:05:03,797 INFO o.a.j.JMeter: IP: 192.168.18.66 Name: ELMER-URREA FullName: ELMER-URREA.ceiba.local
2019-03-07 07:05:04,142 INFO o.a.j.g.a.LookAndFeelCommand: Installing Darcula LAF
2019-03-07 07:05:04,182 INFO o.a.j.g.a.LookAndFeelCommand: Using look and feel: com.bulenkov.darcula.DarculaLaf [Darcula]
2019-03-07 07:05:04,183 INFO o.a.j.JMeter: Setting LAF to: com.bulenkov.darcula.DarculaLaf
2019-03-07 07:05:04,295 INFO o.a.j.JMeter: Loaded icon properties from org/apache/jmeter/images/icon.properties
2019-03-07 07:05:05,065 INFO o.a.j.e.u.CompoundVariable: Note: Function class names must contain the string: '.functions.'
2019-03-07 07:05:05,066 INFO o.a.j.e.u.CompoundVariable: Note: Function class names must not contain the string: '.gui.'
2019-03-07 07:05:07,187 INFO o.a.j.p.h.s.HTTPSamplerBase: Parser for text/html is org.apache.jmeter.protocol.http.parser.LagartoBasedHtmlParser
2019-03-07 07:05:07,188 INFO o.a.j.p.h.s.HTTPSamplerBase: Parser for application/xhtml+xml is org.apache.jmeter.protocol.http.parser.LagartoBasedHtmlParser
2019-03-07 07:05:07,188 INFO o.a.j.p.h.s.HTTPSamplerBase: Parser for application/xml is org.apache.jmeter.protocol.http.parser.LagartoBasedHtmlParser
2019-03-07 07:05:07,188 INFO o.a.j.p.h.s.HTTPSamplerBase: Parser for text/xml is org.apache.jmeter.protocol.http.parser.LagartoBasedHtmlParser
2019-03-07 07:05:07,188 INFO o.a.j.p.h.s.HTTPSamplerBase: Parser for text/vnd.wap.wml is org.apache.jmeter.protocol.http.parser.RegexpHTMLParser
2019-03-07 07:05:07,188 INFO o.a.j.p.h.s.HTTPSamplerBase: Parser for text/css is org.apache.jmeter.protocol.http.parser.CssParser
2019-03-07 07:05:07,723 INFO o.a.j.e.KeyToolUtils: keytool found at 'keytool'
2019-03-07 07:05:07,724 INFO o.a.j.p.h.p.ProxyControl: HTTP(S) Test Script Recorder SSL Proxy will use keys that support embedded 3rd party resources in file D:\dev\programs\apache-jmeter-5.1\bin\proxyserver.jks
2019-03-07 07:05:07,897 INFO o.a.j.s.FileServer: Default base='D:\dev\projects\ceiba-estacionamiento\workspace\ceiba-estacionamiento'
2019-03-07 07:05:08,798 INFO o.a.j.s.SampleResult: Note: Sample TimeStamps are START times
2019-03-07 07:05:08,798 INFO o.a.j.s.SampleResult: sampleresult.default.encoding is set to ISO-8859-1
2019-03-07 07:05:08,798 INFO o.a.j.s.SampleResult: sampleresult.useNanoTime=true
2019-03-07 07:05:08,799 INFO o.a.j.s.SampleResult: sampleresult.nanoThreadSleep=5000
